# JRE version: OpenJDK Runtime Environment (11.0.10) (build 11.0.10+0-b96-7249189)
# Java VM: OpenJDK 64-Bit Server VM (11.0.10+0-b96-7249189, mixed mode, tiered, compressed oops, g1 gc, windows-amd64)
Heap:
 garbage-first heap   total 812032K, used 67834K [0x0000000080000000, 0x0000000100000000)
  region size 1024K, 4 young (4096K), 4 survivors (4096K)
 Metaspace       used 50079K, capacity 51365K, committed 51456K, reserved 1093632K
  class space    used 6427K, capacity 6888K, committed 6912K, reserved 1048576K
GC Heap History (20 events):
Event: 69.089 GC heap after
{Heap after GC invocations=71 (full 0):
 garbage-first heap   total 396288K, used 65105K [0x0000000080000000, 0x0000000100000000)
  region size 1024K, 6 young (6144K), 6 survivors (6144K)
 Metaspace       used 50070K, capacity 51301K, committed 51456K, reserved 1093632K
  class space    used 6426K, capacity 6888K, committed 6912K, reserved 1048576K
}
Event: 69.665 GC heap before
{Heap before GC invocations=71 (full 0):
 garbage-first heap   total 396288K, used 77393K [0x0000000080000000, 0x0000000100000000)
  region size 1024K, 19 young (19456K), 6 survivors (6144K)
 Metaspace       used 50070K, capacity 51301K, committed 51456K, reserved 1093632K
  class space    used 6426K, capacity 6888K, committed 6912K, reserved 1048576K
}
Event: 69.709 GC heap after
{Heap after GC invocations=72 (full 0):
 garbage-first heap   total 396288K, used 65475K [0x0000000080000000, 0x0000000100000000)
  region size 1024K, 2 young (2048K), 2 survivors (2048K)
 Metaspace       used 50070K, capacity 51301K, committed 51456K, reserved 1093632K
  class space    used 6426K, capacity 6888K, committed 6912K, reserved 1048576K
}
Event: 69.855 GC heap before
{Heap before GC invocations=72 (full 0):
 garbage-first heap   total 396288K, used 82883K [0x0000000080000000, 0x0000000100000000)
  region size 1024K, 20 young (20480K), 2 survivors (2048K)
 Metaspace       used 50070K, capacity 51301K, committed 51456K, reserved 1093632K
  class space    used 6426K, capacity 6888K, committed 6912K, reserved 1048576K
}
Event: 69.857 GC heap after
{Heap after GC invocations=73 (full 0):
 garbage-first heap   total 396288K, used 65142K [0x0000000080000000, 0x0000000100000000)
  region size 1024K, 1 young (1024K), 1 survivors (1024K)
 Metaspace       used 50070K, capacity 51301K, committed 51456K, reserved 1093632K
  class space    used 6426K, capacity 6888K, committed 6912K, reserved 1048576K
}
Event: 69.972 GC heap before
{Heap before GC invocations=73 (full 0):
 garbage-first heap   total 396288K, used 83574K [0x0000000080000000, 0x0000000100000000)
  region size 1024K, 20 young (20480K), 1 survivors (1024K)
 Metaspace       used 50071K, capacity 51301K, committed 51456K, reserved 1093632K
  class space    used 6426K, capacity 6888K, committed 6912K, reserved 1048576K
}
Event: 69.974 GC heap after
{Heap after GC invocations=74 (full 0):
 garbage-first heap   total 396288K, used 65276K [0x0000000080000000, 0x0000000100000000)
  region size 1024K, 1 young (1024K), 1 survivors (1024K)
 Metaspace       used 50071K, capacity 51301K, committed 51456K, reserved 1093632K
  class space    used 6426K, capacity 6888K, committed 6912K, reserved 1048576K
}
Event: 70.124 GC heap before
{Heap before GC invocations=74 (full 0):
 garbage-first heap   total 396288K, used 83708K [0x0000000080000000, 0x0000000100000000)
  region size 1024K, 19 young (19456K), 1 survivors (1024K)
 Metaspace       used 50077K, capacity 51365K, committed 51456K, reserved 1093632K
  class space    used 6427K, capacity 6888K, committed 6912K, reserved 1048576K
}
Event: 70.125 GC heap after
{Heap after GC invocations=75 (full 0):
 garbage-first heap   total 396288K, used 65357K [0x0000000080000000, 0x0000000100000000)
  region size 1024K, 2 young (2048K), 2 survivors (2048K)
 Metaspace       used 50077K, capacity 51365K, committed 51456K, reserved 1093632K
  class space    used 6427K, capacity 6888K, committed 6912K, reserved 1048576K
}
Event: 70.332 GC heap before
{Heap before GC invocations=75 (full 0):
 garbage-first heap   total 396288K, used 82765K [0x0000000080000000, 0x0000000100000000)
  region size 1024K, 19 young (19456K), 2 survivors (2048K)
 Metaspace       used 50077K, capacity 51365K, committed 51456K, reserved 1093632K
  class space    used 6427K, capacity 6888K, committed 6912K, reserved 1048576K
}
Event: 70.334 GC heap after
{Heap after GC invocations=76 (full 0):
 garbage-first heap   total 396288K, used 65277K [0x0000000080000000, 0x0000000100000000)
  region size 1024K, 1 young (1024K), 1 survivors (1024K)
 Metaspace       used 50077K, capacity 51365K, committed 51456K, reserved 1093632K
  class space    used 6427K, capacity 6888K, committed 6912K, reserved 1048576K
}
Event: 70.661 GC heap before
{Heap before GC invocations=76 (full 0):
 garbage-first heap   total 396288K, used 82685K [0x0000000080000000, 0x0000000100000000)
  region size 1024K, 19 young (19456K), 1 survivors (1024K)
 Metaspace       used 50077K, capacity 51365K, committed 51456K, reserved 1093632K
  class space    used 6427K, capacity 6888K, committed 6912K, reserved 1048576K
}
Event: 70.664 GC heap after
{Heap after GC invocations=77 (full 0):
 garbage-first heap   total 396288K, used 65397K [0x0000000080000000, 0x0000000100000000)
  region size 1024K, 2 young (2048K), 2 survivors (2048K)
 Metaspace       used 50077K, capacity 51365K, committed 51456K, reserved 1093632K
  class space    used 6427K, capacity 6888K, committed 6912K, reserved 1048576K
}
Event: 71.198 GC heap before
{Heap before GC invocations=77 (full 0):
 garbage-first heap   total 396288K, used 103285K [0x0000000080000000, 0x0000000100000000)
  region size 1024K, 39 young (39936K), 2 survivors (2048K)
 Metaspace       used 50077K, capacity 51365K, committed 51456K, reserved 1093632K
  class space    used 6427K, capacity 6888K, committed 6912K, reserved 1048576K
}
Event: 71.201 GC heap after
{Heap after GC invocations=78 (full 0):
 garbage-first heap   total 396288K, used 65742K [0x0000000080000000, 0x0000000100000000)
  region size 1024K, 2 young (2048K), 2 survivors (2048K)
 Metaspace       used 50077K, capacity 51365K, committed 51456K, reserved 1093632K
  class space    used 6427K, capacity 6888K, committed 6912K, reserved 1048576K
}
Event: 72.498 GC heap before
{Heap before GC invocations=78 (full 0):
 garbage-first heap   total 396288K, used 134350K [0x0000000080000000, 0x0000000100000000)
  region size 1024K, 69 young (70656K), 2 survivors (2048K)
 Metaspace       used 50078K, capacity 51365K, committed 51456K, reserved 1093632K
  class space    used 6427K, capacity 6888K, committed 6912K, reserved 1048576K
}
Event: 72.556 GC heap after
{Heap after GC invocations=79 (full 0):
 garbage-first heap   total 396288K, used 65801K [0x0000000080000000, 0x0000000100000000)
  region size 1024K, 2 young (2048K), 2 survivors (2048K)
 Metaspace       used 50078K, capacity 51365K, committed 51456K, reserved 1093632K
  class space    used 6427K, capacity 6888K, committed 6912K, reserved 1048576K
}
Event: 73.964 GC heap before
{Heap before GC invocations=79 (full 0):
 garbage-first heap   total 396288K, used 145673K [0x0000000080000000, 0x0000000100000000)
  region size 1024K, 80 young (81920K), 2 survivors (2048K)
 Metaspace       used 50078K, capacity 51365K, committed 51456K, reserved 1093632K
  class space    used 6427K, capacity 6888K, committed 6912K, reserved 1048576K
}
Event: 73.970 GC heap after
{Heap after GC invocations=80 (full 0):
 garbage-first heap   total 396288K, used 66739K [0x0000000080000000, 0x0000000100000000)
  region size 1024K, 3 young (3072K), 3 survivors (3072K)
 Metaspace       used 50078K, capacity 51365K, committed 51456K, reserved 1093632K
  class space    used 6427K, capacity 6888K, committed 6912K, reserved 1048576K
}
Event: 76.601 GC heap before
{Heap before GC invocations=80 (full 0):
 garbage-first heap   total 396288K, used 184499K [0x0000000080000000, 0x0000000100000000)
  region size 1024K, 118 young (120832K), 3 survivors (3072K)
 Metaspace       used 50079K, capacity 51365K, committed 51456K, reserved 1093632K
  class space    used 6427K, capacity 6888K, committed 6912K, reserved 1048576K
}

